2019-12-10 22:37:34,050 - Watching for file changes with StatReloader
2019-12-10 22:37:38,442 - Watching for file changes with StatReloader
2019-12-10 22:37:41,745 - Not Found: /
2019-12-10 22:37:42,654 - Not Found: /favicon.ico
2019-12-10 22:37:44,509 - logging ok...
2019-12-10 22:37:45,851 - Not Found: /web/为什么买它_files/O1CN01rLeWKP2M9a4MoCPRL_!!3191139785.jpg_310x310.jpg
2019-12-10 22:37:45,854 - Not Found: /web/为什么买它_files/O1CN01vBaVLP1W8nNPcWIRK_!!0-item_pic.jpg_310x310.jpg
2019-12-10 22:37:45,861 - Not Found: /web/为什么买它_files/O1CN01D2g2Vo2L1VTF2lYJ0_!!2899059632.png_310x310.jpg
2019-12-10 22:37:45,869 - Not Found: /web/为什么买它_files/O1CN01K0x1S41oyhLUya2hQ_!!2447855294.jpg_310x310.jpg
2019-12-10 22:37:45,875 - Not Found: /web/为什么买它_files/O1CN016majSp1mdyBYZnxuj_!!1122844978.jpg_310x310.jpg
2019-12-10 22:37:45,885 - Not Found: /web/为什么买它_files/O1CN01obfG351saf1WJvCIe_!!2289325783.jpg_310x310.jpg
2019-12-10 22:37:45,889 - Not Found: /web/为什么买它_files/O1CN01fRbZTX1GMVMLVmr1S_!!4027700608.jpg_310x310.jpg
2019-12-10 22:37:45,895 - Not Found: /web/为什么买它_files/O1CN01qnEhTQ23PArI58foz_!!1968067247.jpg_310x310.jpg
2019-12-10 22:37:45,907 - Not Found: /web/为什么买它_files/O1CN01ItS1xg1YN6xEepuzG_!!2009733046.jpg_310x310.jpg
2019-12-10 22:37:45,918 - Not Found: /web/为什么买它_files/TB1aItpwXooBKNjSZPhwu32CXXa.png_310x310.jpg
2019-12-10 22:37:45,920 - Not Found: /web/为什么买它_files/O1CN011EiNYq1SFQcOXCG84_!!3334162217.jpg_310x310.jpg
2019-12-10 22:37:45,936 - Not Found: /web/为什么买它_files/TB1kNMegyCYBuNkHFCcXXcHtVXa_!!0-item_pic.jpg_310x310.jpg
2019-12-10 22:37:45,947 - Not Found: /web/为什么买它_files/O1CN01m6koSY1qhs1ipObGz_!!279515528.png_310x310.jpg
2019-12-10 22:37:45,958 - Not Found: /web/为什么买它_files/O1CN01c9EkUU1Gvlrd6J7sG_!!2201195930685.jpg_310x310.jpg
2019-12-10 22:37:45,963 - Not Found: /web/为什么买它_files/O1CN01mleGvq1ofSi0d2BCP_!!2930255252.jpg_310x310.jpg
2019-12-10 22:37:45,969 - Not Found: /web/为什么买它_files/O1CN01PnSNgz2GfHnMrbwTd_!!4070359042.jpg_310x310.jpg
2019-12-10 22:37:45,981 - Not Found: /web/为什么买它_files/O1CN01S2JYkO1j7xf7e0YQW_!!880734502.jpg_310x310.jpg
2019-12-10 22:37:46,019 - Not Found: /web/为什么买它_files/O1CN01kVQQBV1kdqrALKAlN_!!69884707.jpg_310x310.jpg
2019-12-10 22:37:46,034 - Not Found: /web/为什么买它_files/O1CN014wzV452JJhzQ1ftWY_!!2053469401.jpg
2019-12-10 22:37:46,037 - Not Found: /web/为什么买它_files/O1CN01PjOylG1yF20j7RrSP_!!2911666548.jpg_310x310.jpg
2019-12-10 22:37:46,042 - Not Found: /web/为什么买它_files/O1CN018vpC461p3jhGgWKQd_!!370875305.png_310x310.jpg
2019-12-10 22:37:46,056 - Not Found: /web/为什么买它_files/O1CN01ipjy1228dRH81POFE_!!2795017955.jpg_310x310.jpg
2019-12-10 22:37:46,058 - Not Found: /web/为什么买它_files/O1CN01bTxD5i1tw16Pt90Ba_!!3942245965.jpg_310x310.jpg
2019-12-10 22:37:46,061 - Not Found: /web/为什么买它_files/O1CN01J4tF0r2JJhzUj81WF_!!2053469401.jpg_310x310.jpg
2019-12-10 22:37:46,068 - Not Found: /web/为什么买它_files/O1CN01DSmAv82KFsI2KlfMj_!!1828449528.jpg_310x310.jpg
2019-12-10 22:37:46,075 - Not Found: /web/为什么买它_files/O1CN01kmnxNh2GS0EI0Xj0K_!!3316409013.jpg_310x310.jpg
2019-12-10 22:37:46,079 - Not Found: /web/为什么买它_files/O1CN013kzRm91YxkaixyQQL_!!1588913126.jpg_310x310.jpg
2019-12-10 22:37:46,090 - Not Found: /web/为什么买它_files/O1CN01cK27mJ1Yxkfz29RLN_!!0-item_pic.jpg_310x310.jpg
2019-12-10 22:37:46,101 - Not Found: /web/为什么买它_files/O1CN01kpD4Ar1YxkdUfsBSv_!!1588913126.jpg_310x310.jpg
2019-12-10 22:37:46,104 - Not Found: /web/为什么买它_files/O1CN01CD857O1yzkKuATYwK_!!1726916650.jpg_310x310.jpg
2019-12-10 22:37:46,139 - Not Found: /web/为什么买它_files/O1CN01EcBHD822SYAIpN1zf_!!2200736617119.jpg_310x310.jpg
2019-12-10 22:37:46,145 - Not Found: /web/为什么买它_files/O1CN01D8URZG1zEP2HxscJE_!!802616682.png_310x310.jpg
2019-12-10 22:37:46,148 - Not Found: /web/为什么买它_files/O1CN018lmm1Z1tsoKcdCNLk_!!472575958.jpg_310x310.jpg
2019-12-10 22:37:46,154 - Not Found: /web/为什么买它_files/O1CN01dDSwxe1o0F1FAxrWx_!!1647325162.jpg_310x310.jpg
2019-12-10 22:37:46,158 - Not Found: /web/为什么买它_files/O1CN01v8CxWo1pXVM9GiZAi_!!2852435370.jpg_310x310.jpg
2019-12-10 22:37:46,174 - Not Found: /web/为什么买它_files/O1CN01lusk1f1Rc2YlGX4f8_!!22562131.png_310x310.jpg
2019-12-10 22:37:46,180 - Not Found: /web/为什么买它_files/O1CN01z5J7JR1fOfdrfIo6o_!!2-item_pic.png_310x310.jpg
2019-12-10 22:37:46,187 - Not Found: /web/为什么买它_files/O1CN011Fpz8oGKMIDrfR6_!!2408090537.jpg_310x310.jpg
2019-12-10 22:37:46,201 - Not Found: /web/为什么买它_files/O1CN01NJDWDt1cOipFwWNtg_!!2-item_pic.png_310x310.jpg
2019-12-10 22:37:46,207 - Not Found: /web/为什么买它_files/O1CN01am1wUv1eZNCPLrOdC_!!2588953885.jpg_310x310.jpg
2019-12-10 22:37:46,229 - Not Found: /web/为什么买它_files/O1CN01F1Ppm61XgW7ZqK2sx_!!544652953.jpg_310x310.jpg
2019-12-10 22:37:46,237 - Not Found: /web/为什么买它_files/O1CN01m2N5hP1cWxyUG2LM9_!!2986333609.jpg_310x310.jpg
2019-12-10 22:37:46,240 - Not Found: /web/为什么买它_files/O1CN01DztOKz2D4EsQwI82t_!!1120178555.jpg_310x310.jpg
2019-12-10 22:37:46,243 - Not Found: /web/为什么买它_files/O1CN01I7xm6D1KJ4rghcJlg_!!3948361142.jpg_310x310.jpg
2019-12-10 22:37:46,264 - Not Found: /web/为什么买它_files/TB2ePAQlUOWBKNjSZKzXXXfWFXa_!!2879404129.jpg_310x310.jpg
2019-12-10 22:37:46,274 - Not Found: /web/为什么买它_files/O1CN01V9QIh31irTP9oRdDQ_!!2443034466.png_310x310.jpg
2019-12-10 22:37:46,290 - Not Found: /web/为什么买它_files/O1CN01Vo9Qkj2NMh1IYDrir_!!0-item_pic.jpg_310x310.jpg
2019-12-10 22:37:46,301 - Not Found: /web/为什么买它_files/O1CN01EWaI4x1HVxAAbYC5o_!!12590764.jpg_310x310.jpg
2019-12-10 22:37:46,305 - Not Found: /web/为什么买它_files/O1CN012dK7DZ1YN6yfQp7xW_!!2009733046.jpg_310x310.jpg
2019-12-10 22:37:46,309 - Not Found: /web/为什么买它_files/O1CN01y4wd7r1nUBKvrcn1U_!!2251015092.jpg_310x310.jpg
2019-12-10 22:37:46,311 - Not Found: /web/为什么买它_files/O1CN0133mn8p1Dz1peGElEc_!!2437640286.jpg_310x310.jpg
2019-12-10 22:37:46,323 - Not Found: /web/为什么买它_files/O1CN01Dw06Ms2KFsGWnlk2i_!!2057109528.png_310x310.jpg
2019-12-10 22:37:46,343 - Not Found: /web/为什么买它_files/O1CN01bMMAmc26lZ4ZW5reW_!!0-item_pic.jpg_310x310.jpg
2019-12-10 22:37:46,346 - Not Found: /web/为什么买它_files/O1CN01Qr6zVr2AIUNDblxT2_!!2201288938180.jpg_310x310.jpg
2019-12-10 22:37:46,354 - Not Found: /web/为什么买它_files/O1CN019A4XAS1lXjAXbgIFe_!!752144829.jpg_310x310.jpg
2019-12-10 22:37:46,359 - Not Found: /web/为什么买它_files/O1CN01z9Xxad1cOioihacfL_!!69543591.jpg_310x310.jpg
2019-12-10 22:37:46,368 - Not Found: /web/为什么买它_files/TB2nxQmiUOWBKNjSZKzXXXfWFXa_!!3564588070.jpg_310x310.jpg
2019-12-10 22:37:46,374 - Not Found: /web/为什么买它_files/O1CN01kMPY071MWw4uS6FSX_!!3066361443.png_310x310.jpg
2019-12-10 22:37:46,378 - Not Found: /web/为什么买它_files/O1CN01hFMOuz22bhzMuOBLa_!!880137139.jpg_310x310.jpg
2019-12-10 22:37:46,391 - Not Found: /web/为什么买它_files/O1CN01MhkqwB1rQkq9KpcPo_!!2470815626.png_310x310.jpg
2019-12-10 22:37:46,417 - Not Found: /web/为什么买它_files/O1CN01Sjmkbj1S8YiHQjONm_!!2942672202.jpg_310x310.jpg
2019-12-10 22:37:46,420 - Not Found: /web/为什么买它_files/O1CN01lefuFW1GA8dQNGJHL_!!376460581.jpg_310x310.jpg
2019-12-10 22:37:46,429 - Not Found: /web/为什么买它_files/O1CN01xuBRh21n1KNGTXJiX_!!1713885029.jpg_310x310.jpg
2019-12-10 22:37:46,433 - Not Found: /web/为什么买它_files/O1CN01F5E6bG1VtgIDau21K_!!399802711.jpg_310x310.jpg
2019-12-10 22:37:46,443 - Not Found: /web/为什么买它_files/O1CN01lhVxK61IVK9HMOkNj_!!2772080898.jpg_310x310.jpg
2019-12-10 22:37:46,447 - Not Found: /web/为什么买它_files/O1CN01lce1Ti1nmxYhDqd1X_!!392275133.jpg_310x310.jpg
2019-12-10 22:37:46,452 - Not Found: /web/为什么买它_files/O1CN01S2BDZ31MwaEnVnNxn_!!800341499.png_310x310.jpg
2019-12-10 22:37:46,465 - Not Found: /web/为什么买它_files/O1CN01f8XK6u1E2h1BVFQEW_!!1678160294.jpg_310x310.jpg
2019-12-10 22:37:46,482 - Not Found: /web/为什么买它_files/O1CN018QFheW1tLNPjhjxpL_!!1981265885.jpg_310x310.jpg
2019-12-10 22:37:46,484 - Not Found: /web/为什么买它_files/O1CN01Vc4svR2KtGGGrNtmk_!!355739614.jpg_310x310.jpg
2019-12-10 22:37:46,508 - Not Found: /web/为什么买它_files/O1CN01Vje8702JYp13ENr44_!!2-item_pic.png_310x310.jpg
2019-12-10 22:37:46,515 - Not Found: /web/为什么买它_files/TB1Ue86VCzqK1RjSZFLXXcn2XXa.png_310x310.jpg
2019-12-10 22:37:46,519 - Not Found: /web/为什么买它_files/O1CN01kzyzqL28dRHJhy3ZM_!!2450547955.jpg_310x310.jpg
2019-12-10 22:37:46,526 - Not Found: /web/为什么买它_files/TB11LBNl5AKL1JjSZFoXXagCFXa_!!0-item_pic.jpg_310x310.jpg
2019-12-10 22:37:46,539 - Not Found: /web/为什么买它_files/O1CN01inPxFo28YOuHcttdr_!!1584667944.jpg_310x310.jpg
2019-12-10 22:37:46,543 - Not Found: /web/为什么买它_files/O1CN01en3VNp1ySlszAXck4_!!1654546578.jpg_310x310.jpg
2019-12-10 22:37:46,547 - Not Found: /web/为什么买它_files/O1CN016mFRXl2AUr5SCBIvF_!!1116098207.jpg_310x310.jpg
2019-12-10 22:37:46,554 - Not Found: /web/为什么买它_files/O1CN01MkZSTT1rUQ0ePL1Xi_!!1043295634.jpg_310x310.jpg
2019-12-10 22:37:46,558 - Not Found: /web/为什么买它_files/O1CN01YQVjDW1rzYve66aMH_!!860305702.jpg_310x310.jpg
2019-12-10 22:37:46,605 - Not Found: /web/为什么买它_files/O1CN01P0oRSm2IgJuPv02qq_!!3021589315.jpg_310x310.jpg
2019-12-10 22:37:46,625 - Not Found: /web/为什么买它_files/O1CN01ZE9dJQ1s53e9O3UKa_!!649655714.jpg_310x310.jpg
2019-12-10 22:37:46,640 - Not Found: /web/为什么买它_files/TB2.0z6aw1I.eBjSszeXXc2hpXa_!!2904151521.jpg_310x310.jpg
2019-12-10 22:37:46,651 - Not Found: /web/为什么买它_files/O1CN01oTFTH21liGHAKdpdc_!!3434224852.jpg_310x310.jpg
2019-12-10 22:37:46,660 - Not Found: /web/为什么买它_files/O1CN01NAbzkP21mPjF6MqT9_!!2670547027.jpg_310x310.jpg
2019-12-10 22:37:46,664 - Not Found: /web/为什么买它_files/O1CN01e3GUPr1Os7dHrwQWc_!!3009451760-2-daren.png_310x310.jpg
2019-12-10 22:37:46,712 - Not Found: /web/为什么买它_files/O1CN01zmfgJc1YN6xhVDJE2_!!2009733046.jpg_310x310.jpg
2019-12-10 22:37:46,731 - Not Found: /web/为什么买它_files/O1CN01Dr6lC71nx2FlvzFEV_!!199085155.jpg_310x310.jpg
2019-12-10 22:37:46,741 - Not Found: /web/为什么买它_files/O1CN01JgupLi2MPbsPL7Nd1_!!1637899820.jpg_310x310.jpg
2019-12-10 22:37:46,750 - Not Found: /web/为什么买它_files/O1CN01ozE2CA1wMF1BRWs71_!!407336293.jpg_310x310.jpg
2019-12-10 22:37:46,766 - Not Found: /web/为什么买它_files/O1CN01LRPRTa2HfZearvLKH_!!2382849178.jpg_310x310.jpg
2019-12-10 22:37:46,773 - Not Found: /web/为什么买它_files/O1CN01RaB5802IHaXWGZmYi_!!2271789261.jpg_310x310.jpg
2019-12-10 22:37:46,778 - Not Found: /web/为什么买它_files/O1CN01TtRJoX1aSj1hvelfX_!!2-item_pic.png_310x310.jpg
2019-12-10 22:37:46,814 - Not Found: /web/为什么买它_files/O1CN019Z0Ilc1ZA7MXswHQA_!!2970693153.jpg_310x310.jpg
2019-12-10 22:37:46,825 - Not Found: /web/为什么买它_files/O1CN0126VFxB2MbydP3NKZj_!!704619847.jpg_310x310.jpg
2019-12-10 22:37:46,846 - Not Found: /web/为什么买它_files/O1CN017cDJK51DTQQr0yT5X_!!2112920217.jpg_310x310.jpg
2019-12-10 22:37:46,857 - Not Found: /web/为什么买它_files/O1CN01otmFUT1h03b5amMWs_!!1051474214.jpg_310x310.jpg
2019-12-10 22:37:46,942 - Not Found: /web/为什么买它_files/O1CN011idH0PmE7yerpy1_!!2182574435.jpg_310x310.jpg
2019-12-10 22:37:46,956 - Not Found: /web/为什么买它_files/O1CN01OiSIPA1c46xh9RG5x_!!1633803546.jpg_310x310.jpg
2019-12-10 22:37:46,959 - Not Found: /web/为什么买它_files/O1CN01mVl7iF1Yvv5fKIByQ_!!619123122.jpg_310x310.jpg
2019-12-10 22:37:46,961 - Not Found: /web/为什么买它_files/O1CN01j5eCI62BeIr9tFYon_!!4145178363.jpg_310x310.jpg
2019-12-10 22:37:46,965 - Not Found: /web/为什么买它_files/O1CN01g3UX7N1XkBJZzHur9_!!0-item_pic.jpg_310x310.jpg
2019-12-10 22:37:46,969 - Not Found: /web/为什么买它_files/O1CN01X87jqv23Ly3xQcUSp_!!2200669577240.jpg_310x310.jpg
2019-12-10 22:37:46,986 - Not Found: /web/为什么买它_files/O1CN01gre8JI1CYdOoALo5m_!!1822930093.jpg_310x310.jpg
2019-12-10 22:37:47,007 - Not Found: /web/为什么买它_files/O1CN01wrhb2d2BZGVuNI8Cv_!!2206713558352.png_310x310.jpg
2019-12-10 22:37:47,014 - Not Found: /web/为什么买它_files/TB1PXZInTZmx1VjSZFGXXax2XXa.png_310x310.jpg
2019-12-10 22:37:47,021 - Not Found: /web/为什么买它_files/O1CN01i0CcI71YMCCTmdTMc_!!2804023044.jpg_310x310.jpg
2019-12-10 22:37:47,028 - Not Found: /web/为什么买它_files/O1CN01j3Hzpa1rbkL9HyXRZ_!!3868255650.jpg_310x310.jpg
2019-12-10 22:37:47,035 - Not Found: /web/为什么买它_files/O1CN01F7xZED26lZ3cilZI6_!!2200806947702.jpg_310x310.jpg
2019-12-10 22:37:47,039 - Not Found: /web/为什么买它_files/O1CN01Fbm75q2CFrLoD3Rzd_!!26798445.jpg_310x310.jpg
2019-12-10 22:37:47,067 - Not Found: /web/为什么买它_files/O1CN011RUlzH2L3nSd4Z2KD_!!1952819637.jpg_310x310.jpg
2019-12-10 22:37:47,078 - Not Found: /web/为什么买它_files/O1CN01kJv8US29XlzXG6esK_!!3623578078.jpg_310x310.jpg
2019-12-10 22:37:47,086 - Not Found: /web/为什么买它_files/TB2ISRTGqmWBuNjy1XaXXXCbXXa_!!3962627655.jpg_310x310.jpg
2019-12-10 22:37:47,099 - Not Found: /web/为什么买它_files/O1CN019DtZ6k2Fsjosvje94_!!1660168936.jpg_310x310.jpg
2019-12-10 22:37:47,109 - Not Found: /web/为什么买它_files/O1CN01mby3Ia28b9IcUZw5O_!!1818827950.jpg_310x310.jpg
2019-12-10 22:37:47,145 - Not Found: /web/为什么买它_files/O1CN01fb632o21axjwSfsL3_!!683867002.jpg_310x310.jpg
2019-12-10 22:37:47,149 - Not Found: /web/为什么买它_files/O1CN01pM2sQK28VC9LrSV4U_!!2204145297937.jpg_310x310.jpg
2019-12-10 22:37:47,154 - Not Found: /web/为什么买它_files/O1CN01mELhKL1f0OetLG9qG_!!2021983944.jpg_310x310.jpg
2019-12-10 22:37:47,157 - Not Found: /web/为什么买它_files/TB13V4IkgTqK1RjSZPhXXXfOFXa.png_310x310.jpg
2019-12-10 22:37:47,162 - Not Found: /web/为什么买它_files/O1CN01VgWE3g26lZ4PmeYY4_!!0-item_pic.jpg_310x310.jpg
2019-12-10 22:37:47,172 - Not Found: /web/为什么买它_files/O1CN01QPMmFU1g9qRcenrNP_!!3603004100.jpg_310x310.jpg
2019-12-10 22:37:47,190 - Not Found: /web/为什么买它_files/O1CN01TZMBtL1NlQE5fFarO_!!1994001610.jpg_310x310.jpg
2019-12-10 22:37:47,211 - Not Found: /web/为什么买它_files/O1CN01kTIiaq1wBht6ZYsEJ_!!2517726270.jpg_310x310.jpg
2019-12-10 22:37:47,216 - Not Found: /web/为什么买它_files/O1CN01fGBeXq1g9qRfCJr3v_!!3603004100.jpg_310x310.jpg
2019-12-10 22:37:47,226 - Not Found: /web/为什么买它_files/O1CN01QKcIe828vIg11izqo_!!725677994.jpg_310x310.jpg
2019-12-10 22:37:47,236 - Not Found: /web/为什么买它_files/O1CN01qi5UJt26lZ4gVVsSg_!!0-item_pic.jpg_310x310.jpg
2019-12-10 22:37:47,240 - Not Found: /web/为什么买它_files/O1CN01AOM4kw1Yvv4gvpYWN-619123122.jpg_310x310.jpg
2019-12-10 22:37:47,246 - Not Found: /web/为什么买它_files/O1CN01R0nCIN1LSWeF0tf0r_!!885101298.jpg_310x310.jpg
2019-12-10 22:37:47,270 - Not Found: /web/为什么买它_files/scrollTop2.js.下载
2019-12-10 22:37:47,443 - Not Found: /web/
2019-12-10 22:37:51,326 - logging ok...
2019-12-10 22:37:51,359 - Not Found: /web/images/cms-img.png
2019-12-10 22:37:51,920 - Not Found: /web/为什么买它_files/scrollTop2.js.下载
2019-12-10 22:40:59,184 - D:\Python\projects\xldg\xldg\settings.py changed, reloading.
2019-12-10 22:41:00,421 - Watching for file changes with StatReloader
2019-12-10 22:41:04,186 - D:\Python\projects\xldg\xldg\settings.py changed, reloading.
INFO 2019-12-10 22:41:05,309 autoreload run_with_reloader 597 Watching for file changes with StatReloader
INFO 2019-12-10 22:41:21,289 autoreload trigger_reload 217 D:\Python\projects\xldg\xldg\settings.py changed, reloading.
INFO 2019-12-10 22:41:22,826 autoreload run_with_reloader 597 Watching for file changes with StatReloader
INFO 2019-12-10 22:41:28,228 autoreload run_with_reloader 597 Watching for file changes with StatReloader
INFO 2019-12-10 22:41:54,454 views index 7 logging ok...
WARNING 2019-12-10 22:41:54,610 log log_response 222 Not Found: /web/为什么买它_files/scrollTop2.js.下载
WARNING 2019-12-10 22:41:54,742 log log_response 222 Not Found: /web/为什么买它_files/O1CN01vBaVLP1W8nNPcWIRK_!!0-item_pic.jpg_310x310.jpg
WARNING 2019-12-10 22:41:54,764 log log_response 222 Not Found: /web/为什么买它_files/O1CN01D2g2Vo2L1VTF2lYJ0_!!2899059632.png_310x310.jpg
WARNING 2019-12-10 22:41:54,788 log log_response 222 Not Found: /web/为什么买它_files/O1CN01rLeWKP2M9a4MoCPRL_!!3191139785.jpg_310x310.jpg
WARNING 2019-12-10 22:41:54,798 log log_response 222 Not Found: /web/为什么买它_files/O1CN016majSp1mdyBYZnxuj_!!1122844978.jpg_310x310.jpg
WARNING 2019-12-10 22:41:54,812 log log_response 222 Not Found: /web/为什么买它_files/O1CN01K0x1S41oyhLUya2hQ_!!2447855294.jpg_310x310.jpg
WARNING 2019-12-10 22:41:54,826 log log_response 222 Not Found: /web/为什么买它_files/O1CN01fRbZTX1GMVMLVmr1S_!!4027700608.jpg_310x310.jpg
WARNING 2019-12-10 22:41:54,839 log log_response 222 Not Found: /web/为什么买它_files/O1CN01qnEhTQ23PArI58foz_!!1968067247.jpg_310x310.jpg
WARNING 2019-12-10 22:41:54,848 log log_response 222 Not Found: /web/为什么买它_files/TB1aItpwXooBKNjSZPhwu32CXXa.png_310x310.jpg
WARNING 2019-12-10 22:41:54,864 log log_response 222 Not Found: /web/为什么买它_files/O1CN01obfG351saf1WJvCIe_!!2289325783.jpg_310x310.jpg
WARNING 2019-12-10 22:41:54,876 log log_response 222 Not Found: /web/为什么买它_files/O1CN01ItS1xg1YN6xEepuzG_!!2009733046.jpg_310x310.jpg
WARNING 2019-12-10 22:41:54,891 log log_response 222 Not Found: /web/为什么买它_files/O1CN011EiNYq1SFQcOXCG84_!!3334162217.jpg_310x310.jpg
WARNING 2019-12-10 22:41:54,922 log log_response 222 Not Found: /web/为什么买它_files/O1CN01mleGvq1ofSi0d2BCP_!!2930255252.jpg_310x310.jpg
WARNING 2019-12-10 22:41:54,928 log log_response 222 Not Found: /web/为什么买它_files/O1CN01m6koSY1qhs1ipObGz_!!279515528.png_310x310.jpg
WARNING 2019-12-10 22:41:54,935 log log_response 222 Not Found: /web/为什么买它_files/TB1kNMegyCYBuNkHFCcXXcHtVXa_!!0-item_pic.jpg_310x310.jpg
WARNING 2019-12-10 22:41:54,938 log log_response 222 Not Found: /web/为什么买它_files/O1CN01c9EkUU1Gvlrd6J7sG_!!2201195930685.jpg_310x310.jpg
WARNING 2019-12-10 22:41:54,944 log log_response 222 Not Found: /web/为什么买它_files/O1CN01S2JYkO1j7xf7e0YQW_!!880734502.jpg_310x310.jpg
WARNING 2019-12-10 22:41:55,046 log log_response 222 Not Found: /web/为什么买它_files/O1CN01PnSNgz2GfHnMrbwTd_!!4070359042.jpg_310x310.jpg
WARNING 2019-12-10 22:41:55,055 log log_response 222 Not Found: /web/为什么买它_files/O1CN01kVQQBV1kdqrALKAlN_!!69884707.jpg_310x310.jpg
INFO 2019-12-10 22:41:55,066 views index 7 logging ok...
WARNING 2019-12-10 22:41:55,077 log log_response 222 Not Found: /web/为什么买它_files/O1CN018vpC461p3jhGgWKQd_!!370875305.png_310x310.jpg
WARNING 2019-12-10 22:41:55,095 log log_response 222 Not Found: /web/为什么买它_files/O1CN01DSmAv82KFsI2KlfMj_!!1828449528.jpg_310x310.jpg
WARNING 2019-12-10 22:41:55,250 log log_response 222 Not Found: /web/为什么买它_files/scrollTop2.js.下载
WARNING 2019-12-10 22:41:55,329 log log_response 222 Not Found: /web/为什么买它_files/O1CN01ipjy1228dRH81POFE_!!2795017955.jpg_310x310.jpg
WARNING 2019-12-10 22:41:55,332 log log_response 222 Not Found: /web/为什么买它_files/O1CN01bTxD5i1tw16Pt90Ba_!!3942245965.jpg_310x310.jpg
WARNING 2019-12-10 22:41:55,340 log log_response 222 Not Found: /web/为什么买它_files/O1CN01PjOylG1yF20j7RrSP_!!2911666548.jpg_310x310.jpg
WARNING 2019-12-10 22:41:55,382 log log_response 222 Not Found: /web/为什么买它_files/O1CN014wzV452JJhzQ1ftWY_!!2053469401.jpg
WARNING 2019-12-10 22:41:55,396 log log_response 222 Not Found: /web/为什么买它_files/O1CN01J4tF0r2JJhzUj81WF_!!2053469401.jpg_310x310.jpg
WARNING 2019-12-10 22:41:55,512 log log_response 222 Not Found: /web/为什么买它_files/O1CN01kpD4Ar1YxkdUfsBSv_!!1588913126.jpg_310x310.jpg
WARNING 2019-12-10 22:41:55,516 log log_response 222 Not Found: /web/为什么买它_files/O1CN013kzRm91YxkaixyQQL_!!1588913126.jpg_310x310.jpg
WARNING 2019-12-10 22:41:55,520 log log_response 222 Not Found: /web/为什么买它_files/O1CN01cK27mJ1Yxkfz29RLN_!!0-item_pic.jpg_310x310.jpg
WARNING 2019-12-10 22:41:55,541 log log_response 222 Not Found: /web/为什么买它_files/O1CN01kmnxNh2GS0EI0Xj0K_!!3316409013.jpg_310x310.jpg
WARNING 2019-12-10 22:41:55,653 log log_response 222 Not Found: /web/为什么买它_files/O1CN01EcBHD822SYAIpN1zf_!!2200736617119.jpg_310x310.jpg
WARNING 2019-12-10 22:41:55,663 log log_response 222 Not Found: /web/为什么买它_files/O1CN01CD857O1yzkKuATYwK_!!1726916650.jpg_310x310.jpg
WARNING 2019-12-10 22:41:55,687 log log_response 222 Not Found: /web/为什么买它_files/O1CN018lmm1Z1tsoKcdCNLk_!!472575958.jpg_310x310.jpg
WARNING 2019-12-10 22:41:55,690 log log_response 222 Not Found: /web/为什么买它_files/O1CN01v8CxWo1pXVM9GiZAi_!!2852435370.jpg_310x310.jpg
WARNING 2019-12-10 22:41:55,698 log log_response 222 Not Found: /web/为什么买它_files/O1CN01D8URZG1zEP2HxscJE_!!802616682.png_310x310.jpg
WARNING 2019-12-10 22:41:56,261 log log_response 222 Not Found: /web/为什么买它_files/O1CN011Fpz8oGKMIDrfR6_!!2408090537.jpg_310x310.jpg
WARNING 2019-12-10 22:41:56,270 log log_response 222 Not Found: /web/为什么买它_files/O1CN01z5J7JR1fOfdrfIo6o_!!2-item_pic.png_310x310.jpg
WARNING 2019-12-10 22:41:56,278 log log_response 222 Not Found: /web/为什么买它_files/O1CN01lusk1f1Rc2YlGX4f8_!!22562131.png_310x310.jpg
WARNING 2019-12-10 22:41:56,281 log log_response 222 Not Found: /web/为什么买它_files/O1CN01NJDWDt1cOipFwWNtg_!!2-item_pic.png_310x310.jpg
WARNING 2019-12-10 22:41:56,289 log log_response 222 Not Found: /web/为什么买它_files/O1CN01dDSwxe1o0F1FAxrWx_!!1647325162.jpg_310x310.jpg
WARNING 2019-12-10 22:41:56,314 log log_response 222 Not Found: /web/为什么买它_files/O1CN01am1wUv1eZNCPLrOdC_!!2588953885.jpg_310x310.jpg
WARNING 2019-12-10 22:41:56,444 log log_response 222 Not Found: /web/为什么买它_files/TB2ePAQlUOWBKNjSZKzXXXfWFXa_!!2879404129.jpg_310x310.jpg
WARNING 2019-12-10 22:41:56,448 log log_response 222 Not Found: /web/为什么买它_files/O1CN01m2N5hP1cWxyUG2LM9_!!2986333609.jpg_310x310.jpg
WARNING 2019-12-10 22:41:56,453 log log_response 222 Not Found: /web/为什么买它_files/O1CN01y4wd7r1nUBKvrcn1U_!!2251015092.jpg_310x310.jpg
WARNING 2019-12-10 22:41:56,458 log log_response 222 Not Found: /web/为什么买它_files/O1CN01I7xm6D1KJ4rghcJlg_!!3948361142.jpg_310x310.jpg
WARNING 2019-12-10 22:41:56,463 log log_response 222 Not Found: /web/为什么买它_files/O1CN01F1Ppm61XgW7ZqK2sx_!!544652953.jpg_310x310.jpg
WARNING 2019-12-10 22:41:56,469 log log_response 222 Not Found: /web/为什么买它_files/O1CN01DztOKz2D4EsQwI82t_!!1120178555.jpg_310x310.jpg
WARNING 2019-12-10 22:41:56,521 log log_response 222 Not Found: /web/为什么买它_files/O1CN01V9QIh31irTP9oRdDQ_!!2443034466.png_310x310.jpg
WARNING 2019-12-10 22:41:56,532 log log_response 222 Not Found: /web/为什么买它_files/O1CN01Dw06Ms2KFsGWnlk2i_!!2057109528.png_310x310.jpg
WARNING 2019-12-10 22:41:56,557 log log_response 222 Not Found: /web/为什么买它_files/O1CN01EWaI4x1HVxAAbYC5o_!!12590764.jpg_310x310.jpg
WARNING 2019-12-10 22:41:56,568 log log_response 222 Not Found: /web/为什么买它_files/O1CN012dK7DZ1YN6yfQp7xW_!!2009733046.jpg_310x310.jpg
WARNING 2019-12-10 22:41:56,575 log log_response 222 Not Found: /web/为什么买它_files/O1CN01Vo9Qkj2NMh1IYDrir_!!0-item_pic.jpg_310x310.jpg
WARNING 2019-12-10 22:41:56,589 log log_response 222 Not Found: /web/为什么买它_files/O1CN0133mn8p1Dz1peGElEc_!!2437640286.jpg_310x310.jpg
WARNING 2019-12-10 22:41:56,655 log log_response 222 Not Found: /web/为什么买它_files/O1CN01Qr6zVr2AIUNDblxT2_!!2201288938180.jpg_310x310.jpg
WARNING 2019-12-10 22:41:56,672 log log_response 222 Not Found: /web/为什么买它_files/TB2nxQmiUOWBKNjSZKzXXXfWFXa_!!3564588070.jpg_310x310.jpg
WARNING 2019-12-10 22:41:56,676 log log_response 222 Not Found: /web/为什么买它_files/O1CN01z9Xxad1cOioihacfL_!!69543591.jpg_310x310.jpg
WARNING 2019-12-10 22:41:56,680 log log_response 222 Not Found: /web/为什么买它_files/O1CN019A4XAS1lXjAXbgIFe_!!752144829.jpg_310x310.jpg
WARNING 2019-12-10 22:41:56,691 log log_response 222 Not Found: /web/为什么买它_files/O1CN01hFMOuz22bhzMuOBLa_!!880137139.jpg_310x310.jpg
WARNING 2019-12-10 22:41:56,686 log log_response 222 Not Found: /web/为什么买它_files/O1CN01en3VNp1ySlszAXck4_!!1654546578.jpg_310x310.jpg
WARNING 2019-12-10 22:41:56,696 log log_response 222 Not Found: /web/为什么买它_files/O1CN01bMMAmc26lZ4ZW5reW_!!0-item_pic.jpg_310x310.jpg
WARNING 2019-12-10 22:41:56,745 log log_response 222 Not Found: /web/为什么买它_files/O1CN01kMPY071MWw4uS6FSX_!!3066361443.png_310x310.jpg
WARNING 2019-12-10 22:41:56,840 log log_response 222 Not Found: /web/为什么买它_files/O1CN01MhkqwB1rQkq9KpcPo_!!2470815626.png_310x310.jpg
WARNING 2019-12-10 22:41:56,870 log log_response 222 Not Found: /web/为什么买它_files/O1CN01lhVxK61IVK9HMOkNj_!!2772080898.jpg_310x310.jpg
WARNING 2019-12-10 22:41:56,875 log log_response 222 Not Found: /web/为什么买它_files/O1CN01lefuFW1GA8dQNGJHL_!!376460581.jpg_310x310.jpg
WARNING 2019-12-10 22:41:56,880 log log_response 222 Not Found: /web/为什么买它_files/O1CN01F5E6bG1VtgIDau21K_!!399802711.jpg_310x310.jpg
WARNING 2019-12-10 22:41:56,912 log log_response 222 Not Found: /web/为什么买它_files/O1CN01xuBRh21n1KNGTXJiX_!!1713885029.jpg_310x310.jpg
WARNING 2019-12-10 22:41:56,916 log log_response 222 Not Found: /web/为什么买它_files/O1CN01Sjmkbj1S8YiHQjONm_!!2942672202.jpg_310x310.jpg
WARNING 2019-12-10 22:41:57,015 log log_response 222 Not Found: /web/为什么买它_files/O1CN01S2BDZ31MwaEnVnNxn_!!800341499.png_310x310.jpg
WARNING 2019-12-10 22:41:57,025 log log_response 222 Not Found: /web/为什么买它_files/O1CN01lce1Ti1nmxYhDqd1X_!!392275133.jpg_310x310.jpg
WARNING 2019-12-10 22:41:57,048 log log_response 222 Not Found: /web/为什么买它_files/O1CN01Vc4svR2KtGGGrNtmk_!!355739614.jpg_310x310.jpg
WARNING 2019-12-10 22:41:57,059 log log_response 222 Not Found: /web/为什么买它_files/O1CN01Vje8702JYp13ENr44_!!2-item_pic.png_310x310.jpg
WARNING 2019-12-10 22:41:57,062 log log_response 222 Not Found: /web/为什么买它_files/O1CN018QFheW1tLNPjhjxpL_!!1981265885.jpg_310x310.jpg
WARNING 2019-12-10 22:41:57,071 log log_response 222 Not Found: /web/为什么买它_files/O1CN01f8XK6u1E2h1BVFQEW_!!1678160294.jpg_310x310.jpg
WARNING 2019-12-10 22:41:57,093 log log_response 222 Not Found: /web/为什么买它_files/TB11LBNl5AKL1JjSZFoXXagCFXa_!!0-item_pic.jpg_310x310.jpg
WARNING 2019-12-10 22:41:57,103 log log_response 222 Not Found: /web/为什么买它_files/O1CN016mFRXl2AUr5SCBIvF_!!1116098207.jpg_310x310.jpg
WARNING 2019-12-10 22:41:57,117 log log_response 222 Not Found: /web/为什么买它_files/O1CN01kzyzqL28dRHJhy3ZM_!!2450547955.jpg_310x310.jpg
WARNING 2019-12-10 22:41:57,137 log log_response 222 Not Found: /web/为什么买它_files/O1CN01MkZSTT1rUQ0ePL1Xi_!!1043295634.jpg_310x310.jpg
WARNING 2019-12-10 22:41:57,140 log log_response 222 Not Found: /web/为什么买它_files/TB1Ue86VCzqK1RjSZFLXXcn2XXa.png_310x310.jpg
WARNING 2019-12-10 22:41:57,145 log log_response 222 Not Found: /web/为什么买它_files/O1CN01YQVjDW1rzYve66aMH_!!860305702.jpg_310x310.jpg
WARNING 2019-12-10 22:41:57,150 log log_response 222 Not Found: /web/为什么买它_files/O1CN01inPxFo28YOuHcttdr_!!1584667944.jpg_310x310.jpg
WARNING 2019-12-10 22:41:57,209 log log_response 222 Not Found: /web/为什么买它_files/TB2.0z6aw1I.eBjSszeXXc2hpXa_!!2904151521.jpg_310x310.jpg
WARNING 2019-12-10 22:41:57,218 log log_response 222 Not Found: /web/为什么买它_files/O1CN01P0oRSm2IgJuPv02qq_!!3021589315.jpg_310x310.jpg
WARNING 2019-12-10 22:41:57,226 log log_response 222 Not Found: /web/为什么买它_files/O1CN01zmfgJc1YN6xhVDJE2_!!2009733046.jpg_310x310.jpg
WARNING 2019-12-10 22:41:57,229 log log_response 222 Not Found: /web/为什么买它_files/O1CN01e3GUPr1Os7dHrwQWc_!!3009451760-2-daren.png_310x310.jpg
WARNING 2019-12-10 22:41:57,238 log log_response 222 Not Found: /web/为什么买它_files/O1CN01ZE9dJQ1s53e9O3UKa_!!649655714.jpg_310x310.jpg
WARNING 2019-12-10 22:41:57,244 log log_response 222 Not Found: /web/为什么买它_files/O1CN01NAbzkP21mPjF6MqT9_!!2670547027.jpg_310x310.jpg
WARNING 2019-12-10 22:41:57,256 log log_response 222 Not Found: /web/为什么买它_files/O1CN01oTFTH21liGHAKdpdc_!!3434224852.jpg_310x310.jpg
WARNING 2019-12-10 22:41:57,273 log log_response 222 Not Found: /web/为什么买它_files/O1CN01Dr6lC71nx2FlvzFEV_!!199085155.jpg_310x310.jpg
WARNING 2019-12-10 22:41:57,282 log log_response 222 Not Found: /web/为什么买它_files/O1CN01JgupLi2MPbsPL7Nd1_!!1637899820.jpg_310x310.jpg
WARNING 2019-12-10 22:41:57,291 log log_response 222 Not Found: /web/为什么买它_files/O1CN01ozE2CA1wMF1BRWs71_!!407336293.jpg_310x310.jpg
WARNING 2019-12-10 22:41:57,309 log log_response 222 Not Found: /web/为什么买它_files/O1CN01TtRJoX1aSj1hvelfX_!!2-item_pic.png_310x310.jpg
WARNING 2019-12-10 22:41:57,314 log log_response 222 Not Found: /web/为什么买它_files/O1CN01LRPRTa2HfZearvLKH_!!2382849178.jpg_310x310.jpg
WARNING 2019-12-10 22:41:57,325 log log_response 222 Not Found: /web/为什么买它_files/O1CN01RaB5802IHaXWGZmYi_!!2271789261.jpg_310x310.jpg
WARNING 2019-12-10 22:41:57,340 log log_response 222 Not Found: /web/为什么买它_files/O1CN019Z0Ilc1ZA7MXswHQA_!!2970693153.jpg_310x310.jpg
WARNING 2019-12-10 22:41:57,351 log log_response 222 Not Found: /web/为什么买它_files/O1CN0126VFxB2MbydP3NKZj_!!704619847.jpg_310x310.jpg
WARNING 2019-12-10 22:41:57,364 log log_response 222 Not Found: /web/为什么买它_files/O1CN017cDJK51DTQQr0yT5X_!!2112920217.jpg_310x310.jpg
WARNING 2019-12-10 22:41:57,385 log log_response 222 Not Found: /web/为什么买它_files/O1CN01otmFUT1h03b5amMWs_!!1051474214.jpg_310x310.jpg
WARNING 2019-12-10 22:41:57,405 log log_response 222 Not Found: /web/为什么买它_files/O1CN01X87jqv23Ly3xQcUSp_!!2200669577240.jpg_310x310.jpg
WARNING 2019-12-10 22:41:57,411 log log_response 222 Not Found: /web/为什么买它_files/O1CN011idH0PmE7yerpy1_!!2182574435.jpg_310x310.jpg
WARNING 2019-12-10 22:41:57,416 log log_response 222 Not Found: /web/为什么买它_files/O1CN01g3UX7N1XkBJZzHur9_!!0-item_pic.jpg_310x310.jpg
WARNING 2019-12-10 22:41:57,425 log log_response 222 Not Found: /web/为什么买它_files/O1CN01j5eCI62BeIr9tFYon_!!4145178363.jpg_310x310.jpg
WARNING 2019-12-10 22:41:57,445 log log_response 222 Not Found: /web/为什么买它_files/O1CN01OiSIPA1c46xh9RG5x_!!1633803546.jpg_310x310.jpg
WARNING 2019-12-10 22:41:57,450 log log_response 222 Not Found: /web/为什么买它_files/O1CN01mVl7iF1Yvv5fKIByQ_!!619123122.jpg_310x310.jpg
WARNING 2019-12-10 22:41:57,497 log log_response 222 Not Found: /web/为什么买它_files/O1CN01gre8JI1CYdOoALo5m_!!1822930093.jpg_310x310.jpg
WARNING 2019-12-10 22:41:57,518 log log_response 222 Not Found: /web/为什么买它_files/O1CN01Fbm75q2CFrLoD3Rzd_!!26798445.jpg_310x310.jpg
WARNING 2019-12-10 22:41:57,527 log log_response 222 Not Found: /web/为什么买它_files/TB1PXZInTZmx1VjSZFGXXax2XXa.png_310x310.jpg
WARNING 2019-12-10 22:41:57,531 log log_response 222 Not Found: /web/为什么买它_files/O1CN01wrhb2d2BZGVuNI8Cv_!!2206713558352.png_310x310.jpg
WARNING 2019-12-10 22:41:57,540 log log_response 222 Not Found: /web/为什么买它_files/O1CN01i0CcI71YMCCTmdTMc_!!2804023044.jpg_310x310.jpg
WARNING 2019-12-10 22:41:57,544 log log_response 222 Not Found: /web/为什么买它_files/O1CN01j3Hzpa1rbkL9HyXRZ_!!3868255650.jpg_310x310.jpg
WARNING 2019-12-10 22:41:57,597 log log_response 222 Not Found: /web/为什么买它_files/O1CN01F7xZED26lZ3cilZI6_!!2200806947702.jpg_310x310.jpg
WARNING 2019-12-10 22:41:57,609 log log_response 222 Not Found: /web/为什么买它_files/O1CN011RUlzH2L3nSd4Z2KD_!!1952819637.jpg_310x310.jpg
WARNING 2019-12-10 22:41:57,621 log log_response 222 Not Found: /web/为什么买它_files/O1CN01kJv8US29XlzXG6esK_!!3623578078.jpg_310x310.jpg
WARNING 2019-12-10 22:41:57,633 log log_response 222 Not Found: /web/为什么买它_files/O1CN019DtZ6k2Fsjosvje94_!!1660168936.jpg_310x310.jpg
WARNING 2019-12-10 22:41:57,645 log log_response 222 Not Found: /web/为什么买它_files/TB2ISRTGqmWBuNjy1XaXXXCbXXa_!!3962627655.jpg_310x310.jpg
WARNING 2019-12-10 22:41:57,663 log log_response 222 Not Found: /web/为什么买它_files/O1CN01mELhKL1f0OetLG9qG_!!2021983944.jpg_310x310.jpg
WARNING 2019-12-10 22:41:57,673 log log_response 222 Not Found: /web/为什么买它_files/TB13V4IkgTqK1RjSZPhXXXfOFXa.png_310x310.jpg
WARNING 2019-12-10 22:41:57,678 log log_response 222 Not Found: /web/为什么买它_files/O1CN01mby3Ia28b9IcUZw5O_!!1818827950.jpg_310x310.jpg
WARNING 2019-12-10 22:41:57,685 log log_response 222 Not Found: /web/为什么买它_files/O1CN01fb632o21axjwSfsL3_!!683867002.jpg_310x310.jpg
WARNING 2019-12-10 22:41:57,694 log log_response 222 Not Found: /web/为什么买它_files/O1CN01QPMmFU1g9qRcenrNP_!!3603004100.jpg_310x310.jpg
WARNING 2019-12-10 22:41:57,700 log log_response 222 Not Found: /web/为什么买它_files/O1CN01VgWE3g26lZ4PmeYY4_!!0-item_pic.jpg_310x310.jpg
WARNING 2019-12-10 22:41:57,712 log log_response 222 Not Found: /web/为什么买它_files/O1CN01pM2sQK28VC9LrSV4U_!!2204145297937.jpg_310x310.jpg
WARNING 2019-12-10 22:41:57,722 log log_response 222 Not Found: /web/为什么买它_files/O1CN01qi5UJt26lZ4gVVsSg_!!0-item_pic.jpg_310x310.jpg
WARNING 2019-12-10 22:41:57,729 log log_response 222 Not Found: /web/为什么买它_files/O1CN01TZMBtL1NlQE5fFarO_!!1994001610.jpg_310x310.jpg
WARNING 2019-12-10 22:41:57,788 log log_response 222 Not Found: /web/为什么买它_files/O1CN01R0nCIN1LSWeF0tf0r_!!885101298.jpg_310x310.jpg
WARNING 2019-12-10 22:41:57,807 log log_response 222 Not Found: /web/为什么买它_files/O1CN01fGBeXq1g9qRfCJr3v_!!3603004100.jpg_310x310.jpg
WARNING 2019-12-10 22:41:57,834 log log_response 222 Not Found: /web/为什么买它_files/O1CN01AOM4kw1Yvv4gvpYWN-619123122.jpg_310x310.jpg
WARNING 2019-12-10 22:41:57,846 log log_response 222 Not Found: /web/为什么买它_files/O1CN01kTIiaq1wBht6ZYsEJ_!!2517726270.jpg_310x310.jpg
WARNING 2019-12-10 22:41:57,863 log log_response 222 Not Found: /web/images/cms-img.png
WARNING 2019-12-10 22:41:57,869 log log_response 222 Not Found: /web/为什么买它_files/O1CN01QKcIe828vIg11izqo_!!725677994.jpg_310x310.jpg
